<?xml version="1.0" encoding="UTF-8"?>
<coverage generated="1656122262029" clover="3.2.0">
  <project timestamp="1656122262029" name="All files">
    <metrics statements="51" coveredstatements="50" conditionals="25" coveredconditionals="23" methods="13" coveredmethods="13" elements="89" coveredelements="86" complexity="0" loc="51" ncloc="51" packages="1" files="3" classes="3"/>
    <file name="Client.js" path="/Users/guialves/personal_projects/cifra/dist/src/domain/entity/Client.js">
      <metrics statements="11" coveredstatements="11" conditionals="7" coveredconditionals="6" methods="4" coveredmethods="4"/>
      <line num="2" count="3" type="cond" truecount="3" falsecount="0"/>
      <line num="3" count="6" type="cond" truecount="3" falsecount="1"/>
      <line num="5" count="3" type="stmt"/>
      <line num="6" count="3" type="stmt"/>
      <line num="7" count="3" type="stmt"/>
      <line num="10" count="3" type="stmt"/>
      <line num="11" count="3" type="stmt"/>
      <line num="12" count="3" type="stmt"/>
      <line num="15" count="3" type="stmt"/>
      <line num="18" count="3" type="stmt"/>
      <line num="21" count="3" type="stmt"/>
    </file>
    <file name="Cpf.js" path="/Users/guialves/personal_projects/cifra/dist/src/domain/entity/Cpf.js">
      <metrics statements="27" coveredstatements="26" conditionals="12" coveredconditionals="11" methods="7" coveredmethods="7"/>
      <line num="2" count="4" type="stmt"/>
      <line num="5" count="8" type="cond" truecount="2" falsecount="0"/>
      <line num="6" count="4" type="stmt"/>
      <line num="7" count="4" type="stmt"/>
      <line num="10" count="8" type="cond" truecount="1" falsecount="1"/>
      <line num="11" count="0" type="stmt"/>
      <line num="12" count="8" type="stmt"/>
      <line num="13" count="8" type="cond" truecount="2" falsecount="0"/>
      <line num="14" count="2" type="stmt"/>
      <line num="15" count="6" type="cond" truecount="2" falsecount="0"/>
      <line num="16" count="1" type="stmt"/>
      <line num="17" count="5" type="stmt"/>
      <line num="18" count="5" type="stmt"/>
      <line num="19" count="5" type="stmt"/>
      <line num="20" count="5" type="stmt"/>
      <line num="21" count="5" type="stmt"/>
      <line num="24" count="10" type="stmt"/>
      <line num="25" count="10" type="stmt"/>
      <line num="26" count="110" type="cond" truecount="2" falsecount="0"/>
      <line num="27" count="95" type="stmt"/>
      <line num="29" count="10" type="stmt"/>
      <line num="30" count="10" type="cond" truecount="2" falsecount="0"/>
      <line num="33" count="8" type="stmt"/>
      <line num="36" count="8" type="stmt"/>
      <line num="39" count="6" type="stmt"/>
      <line num="40" count="21" type="stmt"/>
      <line num="43" count="4" type="stmt"/>
    </file>
    <file name="Phone.js" path="/Users/guialves/personal_projects/cifra/dist/src/domain/entity/Phone.js">
      <metrics statements="13" coveredstatements="13" conditionals="6" coveredconditionals="6" methods="2" coveredmethods="2"/>
      <line num="2" count="4" type="stmt"/>
      <line num="5" count="6" type="stmt"/>
      <line num="6" count="6" type="stmt"/>
      <line num="7" count="6" type="stmt"/>
      <line num="8" count="6" type="cond" truecount="2" falsecount="0"/>
      <line num="9" count="1" type="stmt"/>
      <line num="10" count="5" type="cond" truecount="2" falsecount="0"/>
      <line num="11" count="1" type="stmt"/>
      <line num="12" count="4" type="cond" truecount="2" falsecount="0"/>
      <line num="13" count="1" type="stmt"/>
      <line num="14" count="3" type="stmt"/>
      <line num="17" count="15" type="stmt"/>
      <line num="20" count="4" type="stmt"/>
    </file>
  </project>
</coverage>
