TN:
SF:dist/src/domain/entity/Client.js
FN:2,(anonymous_0)
FN:9,(anonymous_1)
FN:14,(anonymous_2)
FN:17,(anonymous_3)
FNF:4
FNH:4
FNDA:6,(anonymous_0)
FNDA:3,(anonymous_1)
FNDA:3,(anonymous_2)
FNDA:3,(anonymous_3)
DA:2,3
DA:3,6
DA:5,3
DA:6,3
DA:7,3
DA:10,3
DA:11,3
DA:12,3
DA:15,3
DA:18,3
DA:21,3
LF:11
LH:11
BRDA:2,0,0,3
BRDA:2,0,1,3
BRDA:2,0,2,3
BRDA:3,1,0,6
BRDA:3,1,1,0
BRDA:3,2,0,6
BRDA:3,2,1,6
BRF:7
BRH:6
end_of_record
TN:
SF:dist/src/domain/entity/Cpf.js
FN:4,(anonymous_0)
FN:9,(anonymous_1)
FN:23,(anonymous_2)
FN:32,(anonymous_3)
FN:35,(anonymous_4)
FN:38,(anonymous_5)
FN:40,(anonymous_6)
FNF:7
FNH:7
FNDA:8,(anonymous_0)
FNDA:8,(anonymous_1)
FNDA:10,(anonymous_2)
FNDA:8,(anonymous_3)
FNDA:8,(anonymous_4)
FNDA:6,(anonymous_5)
FNDA:21,(anonymous_6)
DA:2,4
DA:5,8
DA:6,4
DA:7,4
DA:10,8
DA:11,0
DA:12,8
DA:13,8
DA:14,2
DA:15,6
DA:16,1
DA:17,5
DA:18,5
DA:19,5
DA:20,5
DA:21,5
DA:24,10
DA:25,10
DA:26,110
DA:27,95
DA:29,10
DA:30,10
DA:33,8
DA:36,8
DA:39,6
DA:40,21
DA:43,4
LF:27
LH:26
BRDA:5,0,0,4
BRDA:5,0,1,4
BRDA:10,1,0,0
BRDA:10,1,1,8
BRDA:13,2,0,2
BRDA:13,2,1,6
BRDA:15,3,0,1
BRDA:15,3,1,5
BRDA:26,4,0,95
BRDA:26,4,1,15
BRDA:30,5,0,2
BRDA:30,5,1,8
BRF:12
BRH:11
end_of_record
TN:
SF:dist/src/domain/entity/Phone.js
FN:4,(anonymous_0)
FN:16,(anonymous_1)
FNF:2
FNH:2
FNDA:6,(anonymous_0)
FNDA:15,(anonymous_1)
DA:2,4
DA:5,6
DA:6,6
DA:7,6
DA:8,6
DA:9,1
DA:10,5
DA:11,1
DA:12,4
DA:13,1
DA:14,3
DA:17,15
DA:20,4
LF:13
LH:13
BRDA:8,0,0,1
BRDA:8,0,1,5
BRDA:10,1,0,1
BRDA:10,1,1,4
BRDA:12,2,0,1
BRDA:12,2,1,3
BRF:6
BRH:6
end_of_record
